0 info it worked if it ends with ok
1 verbose cli [ '/usr/local/bin/node',
1 verbose cli   '/usr/local/bin/npm',
1 verbose cli   'run',
1 verbose cli   'start-daemon' ]
2 info using npm@3.10.10
3 info using node@v6.10.0
4 verbose run-script [ 'prestart-daemon', 'start-daemon', 'poststart-daemon' ]
5 info lifecycle bouncy-forever@0.0.1~prestart-daemon: bouncy-forever@0.0.1
6 silly lifecycle bouncy-forever@0.0.1~prestart-daemon: no script for prestart-daemon, continuing
7 info lifecycle bouncy-forever@0.0.1~start-daemon: bouncy-forever@0.0.1
8 verbose lifecycle bouncy-forever@0.0.1~start-daemon: unsafe-perm in lifecycle true
9 verbose lifecycle bouncy-forever@0.0.1~start-daemon: PATH: /usr/local/lib/node_modules/npm/bin/node-gyp-bin:/home/ycmjason/Development/bouncy-forever/node_modules/.bin:~/.linuxbrew/bin:~/.linuxbrew/bin:/usr/local/sbin:/usr/local/bin:/usr/sbin:/usr/bin:/sbin:/bin:/usr/games:/usr/local/games:/snap/bin:/snap/bin
10 verbose lifecycle bouncy-forever@0.0.1~start-daemon: CWD: /home/ycmjason/Development/bouncy-forever
11 silly lifecycle bouncy-forever@0.0.1~start-daemon: Args: [ '-c', './bin/start-daemon.js' ]
12 silly lifecycle bouncy-forever@0.0.1~start-daemon: Returned: code: 1  signal: null
13 info lifecycle bouncy-forever@0.0.1~start-daemon: Failed to exec start-daemon script
14 verbose stack Error: bouncy-forever@0.0.1 start-daemon: `./bin/start-daemon.js`
14 verbose stack Exit status 1
14 verbose stack     at EventEmitter.<anonymous> (/usr/local/lib/node_modules/npm/lib/utils/lifecycle.js:255:16)
14 verbose stack     at emitTwo (events.js:106:13)
14 verbose stack     at EventEmitter.emit (events.js:191:7)
14 verbose stack     at ChildProcess.<anonymous> (/usr/local/lib/node_modules/npm/lib/utils/spawn.js:40:14)
14 verbose stack     at emitTwo (events.js:106:13)
14 verbose stack     at ChildProcess.emit (events.js:191:7)
14 verbose stack     at maybeClose (internal/child_process.js:877:16)
14 verbose stack     at Process.ChildProcess._handle.onexit (internal/child_process.js:226:5)
15 verbose pkgid bouncy-forever@0.0.1
16 verbose cwd /home/ycmjason/Development/bouncy-forever
17 error Linux 4.4.0-59-generic
18 error argv "/usr/local/bin/node" "/usr/local/bin/npm" "run" "start-daemon"
19 error node v6.10.0
20 error npm  v3.10.10
21 error code ELIFECYCLE
22 error bouncy-forever@0.0.1 start-daemon: `./bin/start-daemon.js`
22 error Exit status 1
23 error Failed at the bouncy-forever@0.0.1 start-daemon script './bin/start-daemon.js'.
23 error Make sure you have the latest version of node.js and npm installed.
23 error If you do, this is most likely a problem with the bouncy-forever package,
23 error not with npm itself.
23 error Tell the author that this fails on your system:
23 error     ./bin/start-daemon.js
23 error You can get information on how to open an issue for this project with:
23 error     npm bugs bouncy-forever
23 error Or if that isn't available, you can get their info via:
23 error     npm owner ls bouncy-forever
23 error There is likely additional logging output above.
24 verbose exit [ 1, true ]
